[info] Log at : 2026/6/6|21:22:55|GMT+0800

[info] Log at : 2026/6/6|21:31:27|GMT+0800

[info] Log at : 2026/6/6|21:31:43|GMT+0800

[info] Log at : 2026/6/7|21:51:18|GMT+0800

[info] Log at : 2026/6/8|10:54:12|GMT+0800

[info] Log at : 2026/6/8|10:54:15|GMT+0800

[info] project closed: chassis
[info] Log at : 2026/6/8|19:51:26|GMT+0800

[info] Log at : 2026/6/8|19:54:47|GMT+0800

[SyntaxError: Unexpected end of JSON input
	at JSON.parse (<anonymous>)
	at F.updateCppProperties (c:\Users\29722\.trae-cn\extensions\cl.keil-assistant-1.7.0\dist\extension.js:1:10849)
	at F.<anonymous> (c:\Users\29722\.trae-cn\extensions\cl.keil-assistant-1.7.0\dist\extension.js:1:12579)
	at Generator.next (<anonymous>)
	at c:\Users\29722\.trae-cn\extensions\cl.keil-assistant-1.7.0\dist\extension.js:1:4480
	at new Promise (<anonymous>)
	at r (c:\Users\29722\.trae-cn\extensions\cl.keil-assistant-1.7.0\dist\extension.js:1:4225)
	at F.load (c:\Users\29722\.trae-cn\extensions\cl.keil-assistant-1.7.0\dist\extension.js:1:11310)
	at w.<anonymous> (c:\Users\29722\.trae-cn\extensions\cl.keil-assistant-1.7.0\dist\extension.js:1:8737)
	at Generator.next (<anonymous>)
	at a (c:\Users\29722\.trae-cn\extensions\cl.keil-assistant-1.7.0\dist\extension.js:1:4282)
	at process.processTicksAndRejections (node:internal/process/task_queues:105:5)]
[info] project closed: chassis
[info] Log at : 2026/6/11|05:14:40|GMT+0800

[info] Log at : 2026/6/12|16:18:14|GMT+0800

[info] Log at : 2026/6/12|16:18:20|GMT+0800

[info] Log at : 2026/6/12|16:45:08|GMT+0800

[info] Log at : 2026/6/12|16:45:16|GMT+0800

[info] Log at : 2026/6/12|16:55:10|GMT+0800

[info] Log at : 2026/6/12|19:33:54|GMT+0800

[info] Log at : 2026/6/12|19:34:05|GMT+0800

[info] project closed: chassis
[info] Log at : 2026/6/12|20:43:46|GMT+0800

[info] project closed: chassis
[info] Log at : 2026/6/13|12:56:02|GMT+0800

[info] Log at : 2026/6/13|12:56:08|GMT+0800

[info] Log at : 2026/6/13|15:48:58|GMT+0800

[info] Log at : 2026/6/13|16:02:46|GMT+0800

[info] project closed: chassis
[info] Log at : 2026/6/13|16:21:17|GMT+0800

[info] Log at : 2026/6/14|01:24:12|GMT+0800

[info] Log at : 2026/6/14|01:24:18|GMT+0800

[info] Log at : 2026/6/14|01:30:45|GMT+0800

[info] Log at : 2026/6/14|01:30:54|GMT+0800

[info] project closed: chassis
[info] project closed: chassis
[info] Log at : 2026/6/14|06:51:10|GMT+0800

[info] Log at : 2026/6/15|00:23:23|GMT+0800

[info] Log at : 2026/6/15|01:35:01|GMT+0800

[info] Log at : 2026/6/15|01:35:07|GMT+0800

[info] Log at : 2026/6/15|02:31:16|GMT+0800

[info] Log at : 2026/6/20|04:34:08|GMT+0800

[info] project closed: chassis
[info] Log at : 2026/6/20|04:54:33|GMT+0800

[info] Log at : 2026/6/20|04:54:38|GMT+0800

[info] Log at : 2026/6/20|21:57:25|GMT+0800

[info] Log at : 2026/6/20|21:57:31|GMT+0800

[info] Log at : 2026/6/20|23:24:51|GMT+0800

[info] Log at : 2026/6/20|23:24:58|GMT+0800

[info] Log at : 2026/6/21|04:20:47|GMT+0800

[info] Log at : 2026/6/21|05:50:12|GMT+0800

[info] Log at : 2026/6/24|02:06:50|GMT+0800

[info] Log at : 2026/6/24|02:06:56|GMT+0800

[info] Log at : 2026/6/24|02:49:00|GMT+0800

[info] Log at : 2026/6/24|02:49:05|GMT+0800

[info] Log at : 2026/6/27|02:15:32|GMT+0800

[info] Log at : 2026/6/27|02:58:55|GMT+0800

[info] Log at : 2026/6/27|03:10:24|GMT+0800

[info] Log at : 2026/6/29|02:03:35|GMT+0800

